#
# A fatal error has been detected by the Java Runtime Environment:
#
#  EXCEPTION_ACCESS_VIOLATION (0xc0000005) at pc=0x0000000000f6db90, pid=1256, tid=7608
#
# JRE version: Java(TM) SE Runtime Environment (7.0_45-b18) (build 1.7.0_45-b18)
# Java VM: Java HotSpot(TM) 64-Bit Server VM (24.45-b08 mixed mode windows-amd64 compressed oops)
# Problematic frame:
# C  0x0000000000f6db90
#
# Failed to write core dump. Minidumps are not enabled by default on client versions of Windows
#
# If you would like to submit a bug report, please visit:
#   http://bugreport.sun.com/bugreport/crash.jsp
# The crash happened outside the Java Virtual Machine in native code.
# See problematic frame for where to report the bug.
#

---------------  T H R E A D  ---------------

Current thread (0x000000000c9ed800):  JavaThread "LWJGL Application" [_thread_in_native, id=7608, stack(0x000000000d630000,0x000000000d730000)]

siginfo: ExceptionCode=0xc0000005, ExceptionInformation=0x0000000000000008 0x0000000000f6db90

Registers:
RAX=0x0000000000f6db90, RBX=0x000000077cedbac0, RCX=0x0000000000f6dc40, RDX=0x000000000d72f340
RSP=0x000000000d72f288, RBP=0x000000000d72f310, RSI=0x0000000000000000, RDI=0x0000000002b360f8
R8 =0x0000000000f6dc40, R9 =0x00000000000000dd, R10=0x0000000002b43064, R11=0x000000007577f900
R12=0x0000000000000000, R13=0x000000077cedbac0, R14=0x000000000d72f340, R15=0x000000000c9ed800
RIP=0x0000000000f6db90, EFLAGS=0x0000000000010202

Top of Stack: (sp=0x000000000d72f288)
0x000000000d72f288:   0000000002b43090 0000000000000280
0x000000000d72f298:   00000000000001e0 0000000000000002
0x000000000d72f2a8:   000000000d72f2b0 0000000000000000
0x000000000d72f2b8:   3f80000000000000 000000000c9ed800
0x000000000d72f2c8:   000000000d72f3d0 000000000d72f2d0
0x000000000d72f2d8:   0000000000000000 000000000d72f340
0x000000000d72f2e8:   000000077cef1300 0000000000000000
0x000000000d72f2f8:   000000077cedbac0 0000000000000000
0x000000000d72f308:   000000000d72f330 000000000d72f388
0x000000000d72f318:   0000000002b360f8 0000000000000000
0x000000000d72f328:   0000000002b3f0d8 0000000000f6dc40
0x000000000d72f338:   000000000d72f338 00000007d7f8dc20
0x000000000d72f348:   000000000d72f348 000000077cedb9e5
0x000000000d72f358:   000000000d72f398 000000077cef1300
0x000000000d72f368:   0000000000000000 000000077cedba00
0x000000000d72f378:   000000000d72f330 000000000d72f398 

Instructions: (pc=0x0000000000f6db90)
0x0000000000f6db70:   b0 0c a9 10 00 00 00 00 50 01 f6 00 00 00 00 00
0x0000000000f6db80:   ea d1 b2 ff ea d1 b2 ff ef 41 d7 75 f9 4f 00 00
0x0000000000f6db90:   e0 e8 f6 00 00 00 00 00 b0 9e a2 10 00 00 00 00
0x0000000000f6dba0:   00 00 00 00 00 00 00 00 00 00 a0 c1 6f 12 83 ba 


Register to memory mapping:

RAX=0x0000000000f6db90 is an unknown value
RBX=0x000000077cedbac0 is an oop
{method} 
 - klass: {other class}
RCX=0x0000000000f6dc40 is an unknown value
RDX=0x000000000d72f340 is pointing into the stack for thread: 0x000000000c9ed800
RSP=0x000000000d72f288 is pointing into the stack for thread: 0x000000000c9ed800
RBP=0x000000000d72f310 is pointing into the stack for thread: 0x000000000c9ed800
RSI=0x0000000000000000 is an unknown value
RDI=0x0000000002b360f8 is at code_begin+2520 in an Interpreter codelet
return entry points  [0x0000000002b35720, 0x0000000002b37520]  7680 bytes
R8 =0x0000000000f6dc40 is an unknown value
R9 =0x00000000000000dd is an unknown value
R10=0x0000000002b43064 is at code_begin+644 in an Interpreter codelet
method entry point (kind = native)  [0x0000000002b42de0, 0x0000000002b43680]  2208 bytes
R11=0x000000007577f900 is an unknown value
R12=0x0000000000000000 is an unknown value
R13=0x000000077cedbac0 is an oop
{method} 
 - klass: {other class}
R14=0x000000000d72f340 is pointing into the stack for thread: 0x000000000c9ed800
R15=0x000000000c9ed800 is a thread


Stack: [0x000000000d630000,0x000000000d730000],  sp=0x000000000d72f288,  free space=1020k
Native frames: (J=compiled Java code, j=interpreted, Vv=VM code, C=native code)
C  0x0000000000f6db90
j  com.badlogic.gdx.physics.box2d.Shape.dispose()V+5
j  com.gibbo.fallingrocks.engine.Boundary.dispose()V+4
j  com.gibbo.fallingrocks.engine.Level.dispose()V+18
j  com.gibbo.fallingrocks.screens.GameScreen.dispose()V+4
j  com.gibbo.fallingrocks.screens.GameScreen.render(F)V+30
j  com.badlogic.gdx.Game.render()V+19
j  com.gibbo.fallingrocks.FallingRocks.render()V+1
j  com.badlogic.gdx.backends.lwjgl.LwjglApplication.mainLoop()V+642
j  com.badlogic.gdx.backends.lwjgl.LwjglApplication$1.run()V+27
v  ~StubRoutines::call_stub
V  [jvm.dll+0x1cb0c3]

Java frames: (J=compiled Java code, j=interpreted, Vv=VM code)
j  com.badlogic.gdx.physics.box2d.Shape.jniDispose(J)V+0
j  com.badlogic.gdx.physics.box2d.Shape.dispose()V+5
j  com.gibbo.fallingrocks.engine.Boundary.dispose()V+4
j  com.gibbo.fallingrocks.engine.Level.dispose()V+18
j  com.gibbo.fallingrocks.screens.GameScreen.dispose()V+4
j  com.gibbo.fallingrocks.screens.GameScreen.render(F)V+30
j  com.badlogic.gdx.Game.render()V+19
j  com.gibbo.fallingrocks.FallingRocks.render()V+1
j  com.badlogic.gdx.backends.lwjgl.LwjglApplication.mainLoop()V+642
j  com.badlogic.gdx.backends.lwjgl.LwjglApplication$1.run()V+27
v  ~StubRoutines::call_stub

---------------  P R O C E S S  ---------------

Java Threads: ( => current thread )
  0x000000000c997800 JavaThread "LWJGL Timer" daemon [_thread_blocked, id=7068, stack(0x00000000118b0000,0x00000000119b0000)]
  0x0000000002a30800 JavaThread "DestroyJavaVM" [_thread_blocked, id=1808, stack(0x0000000002930000,0x0000000002a30000)]
=>0x000000000c9ed800 JavaThread "LWJGL Application" [_thread_in_native, id=7608, stack(0x000000000d630000,0x000000000d730000)]
  0x000000000ae50000 JavaThread "Service Thread" daemon [_thread_blocked, id=8636, stack(0x000000000c5b0000,0x000000000c6b0000)]
  0x000000000ae48800 JavaThread "C2 CompilerThread1" daemon [_thread_blocked, id=4716, stack(0x000000000c4b0000,0x000000000c5b0000)]
  0x000000000ae42800 JavaThread "C2 CompilerThread0" daemon [_thread_blocked, id=8392, stack(0x000000000c3b0000,0x000000000c4b0000)]
  0x000000000ae41000 JavaThread "Attach Listener" daemon [_thread_blocked, id=9000, stack(0x000000000c2b0000,0x000000000c3b0000)]
  0x000000000ae3e000 JavaThread "Signal Dispatcher" daemon [_thread_blocked, id=8716, stack(0x000000000c1b0000,0x000000000c2b0000)]
  0x000000000ae0a800 JavaThread "Finalizer" daemon [_thread_blocked, id=8880, stack(0x000000000c0b0000,0x000000000c1b0000)]
  0x000000000ae01800 JavaThread "Reference Handler" daemon [_thread_blocked, id=7872, stack(0x000000000bfb0000,0x000000000c0b0000)]

Other Threads:
  0x000000000adff800 VMThread [stack: 0x000000000beb0000,0x000000000bfb0000] [id=8940]
  0x000000000ae69000 WatcherThread [stack: 0x000000000c6b0000,0x000000000c7b0000] [id=6580]

VM state:not at safepoint (normal execution)

VM Mutex/Monitor currently owned by a thread: None

Heap
 PSYoungGen      total 38400K, used 20699K [0x00000007d5e80000, 0x00000007d8900000, 0x0000000800000000)
  eden space 33280K, 50% used [0x00000007d5e80000,0x00000007d6edd8c0,0x00000007d7f00000)
  from space 5120K, 76% used [0x00000007d7f00000,0x00000007d82d96a8,0x00000007d8400000)
  to   space 5120K, 0% used [0x00000007d8400000,0x00000007d8400000,0x00000007d8900000)
 ParOldGen       total 86016K, used 8K [0x0000000781c00000, 0x0000000787000000, 0x00000007d5e80000)
  object space 86016K, 0% used [0x0000000781c00000,0x0000000781c02000,0x0000000787000000)
 PSPermGen       total 21504K, used 6560K [0x000000077ca00000, 0x000000077df00000, 0x0000000781c00000)
  object space 21504K, 30% used [0x000000077ca00000,0x000000077d068390,0x000000077df00000)

Card table byte_map: [0x0000000005bf0000,0x0000000006010000] byte_map_base: 0x000000000200b000

Polling page: 0x0000000002890000

Code Cache  [0x0000000002b30000, 0x0000000002da0000, 0x0000000005b30000)
 total_blobs=608 nmethods=187 adapters=374 free_code_cache=48165Kb largest_free_block=49289664

Compilation events (10 events):
Event: 8.756 Thread 0x000000000ae48800 nmethod 182 0x0000000002bfae90 code [0x0000000002bfafe0, 0x0000000002bfb0e8]
Event: 8.756 Thread 0x000000000ae42800 nmethod 183 0x0000000002bf2a10 code [0x0000000002bf2b60, 0x0000000002bf2c48]
Event: 8.756 Thread 0x000000000ae48800  184             com.badlogic.gdx.backends.lwjgl.LwjglGL20::glBlendFunc (6 bytes)
Event: 8.756 Thread 0x000000000ae42800  185             org.lwjgl.opengl.GL11::glBlendFunc (20 bytes)
Event: 8.758 Thread 0x000000000ae42800 nmethod 185 0x0000000002bf2650 code [0x0000000002bf27a0, 0x0000000002bf2888]
Event: 8.758 Thread 0x000000000ae48800 nmethod 184 0x0000000002bfbd50 code [0x0000000002bfbea0, 0x0000000002bfbfc8]
Event: 9.332 Thread 0x000000000ae42800  186             com.badlogic.gdx.math.Vector3::nor (32 bytes)
Event: 9.332 Thread 0x000000000ae48800  187             com.badlogic.gdx.math.Vector3::len2 (30 bytes)
Event: 9.333 Thread 0x000000000ae48800 nmethod 187 0x0000000002bfac90 code [0x0000000002bfadc0, 0x0000000002bfae38]
Event: 9.333 Thread 0x000000000ae42800 nmethod 186 0x0000000002bfba90 code [0x0000000002bfbc00, 0x0000000002bfbcd8]

GC Heap History (2 events):
Event: 4.510 GC heap before
{Heap before GC invocations=1 (full 0):
 PSYoungGen      total 38400K, used 33280K [0x00000007d5e80000, 0x00000007d8900000, 0x0000000800000000)
  eden space 33280K, 100% used [0x00000007d5e80000,0x00000007d7f00000,0x00000007d7f00000)
  from space 5120K, 0% used [0x00000007d8400000,0x00000007d8400000,0x00000007d8900000)
  to   space 5120K, 0% used [0x00000007d7f00000,0x00000007d7f00000,0x00000007d8400000)
 ParOldGen       total 86016K, used 0K [0x0000000781c00000, 0x0000000787000000, 0x00000007d5e80000)
  object space 86016K, 0% used [0x0000000781c00000,0x0000000781c00000,0x0000000787000000)
 PSPermGen       total 21504K, used 6520K [0x000000077ca00000, 0x000000077df00000, 0x0000000781c00000)
  object space 21504K, 30% used [0x000000077ca00000,0x000000077d05e0f0,0x000000077df00000)
Event: 4.516 GC heap after
Heap after GC invocations=1 (full 0):
 PSYoungGen      total 38400K, used 3941K [0x00000007d5e80000, 0x00000007d8900000, 0x0000000800000000)
  eden space 33280K, 0% used [0x00000007d5e80000,0x00000007d5e80000,0x00000007d7f00000)
  from space 5120K, 76% used [0x00000007d7f00000,0x00000007d82d96a8,0x00000007d8400000)
  to   space 5120K, 0% used [0x00000007d8400000,0x00000007d8400000,0x00000007d8900000)
 ParOldGen       total 86016K, used 8K [0x0000000781c00000, 0x0000000787000000, 0x00000007d5e80000)
  object space 86016K, 0% used [0x0000000781c00000,0x0000000781c02000,0x0000000787000000)
 PSPermGen       total 21504K, used 6520K [0x000000077ca00000, 0x000000077df00000, 0x0000000781c00000)
  object space 21504K, 30% used [0x000000077ca00000,0x000000077d05e0f0,0x000000077df00000)
}

Deoptimization events (2 events):
Event: 3.088 Thread 0x000000000c9ed800 Uncommon trap: reason=unreached action=reinterpret pc=0x0000000002bddff0 method=java.lang.String.equalsIgnoreCase(Ljava/lang/String;)Z @ 2
Event: 6.743 Thread 0x000000000c9ed800 Uncommon trap: reason=unloaded action=reinterpret pc=0x0000000002c03cf0 method=com.gibbo.fallingrocks.engine.WorldRenderer.update(F)V @ 434

Internal exceptions (10 events):
Event: 0.905 Thread 0x000000000c9ed800 Threw 0x00000007d6ce7e48 at C:\re\jdk7u45\229\hotspot\src\share\vm\prims\jvm.cpp:1244
Event: 0.905 Thread 0x000000000c9ed800 Threw 0x00000007d6ced4d8 at C:\re\jdk7u45\229\hotspot\src\share\vm\prims\jvm.cpp:1244
Event: 0.907 Thread 0x000000000c9ed800 Threw 0x00000007d6cf2718 at C:\re\jdk7u45\229\hotspot\src\share\vm\prims\jvm.cpp:1244
Event: 0.908 Thread 0x000000000c9ed800 Threw 0x00000007d6cf8100 at C:\re\jdk7u45\229\hotspot\src\share\vm\prims\jvm.cpp:1244
Event: 1.259 Thread 0x000000000c9ed800 Threw 0x00000007d6dc02d8 at C:\re\jdk7u45\229\hotspot\src\share\vm\prims\jvm.cpp:1244
Event: 1.260 Thread 0x000000000c9ed800 Threw 0x00000007d6dcba28 at C:\re\jdk7u45\229\hotspot\src\share\vm\prims\jvm.cpp:1244
Event: 1.261 Thread 0x000000000c9ed800 Threw 0x00000007d6dd0fc0 at C:\re\jdk7u45\229\hotspot\src\share\vm\prims\jvm.cpp:1244
Event: 1.263 Thread 0x000000000c9ed800 Threw 0x00000007d6de46d0 at C:\re\jdk7u45\229\hotspot\src\share\vm\prims\jvm.cpp:1244
Event: 1.264 Thread 0x000000000c9ed800 Threw 0x00000007d6df1458 at C:\re\jdk7u45\229\hotspot\src\share\vm\prims\jvm.cpp:1244
Event: 3.087 Thread 0x000000000c9ed800 Threw 0x00000007d76bcbb0 at C:\re\jdk7u45\229\hotspot\src\share\vm\prims\jvm.cpp:1244

Events (10 events):
Event: 4.521 Executing VM operation: RevokeBias done
Event: 4.521 Executing VM operation: RevokeBias
Event: 4.521 Executing VM operation: RevokeBias done
Event: 4.521 Executing VM operation: RevokeBias
Event: 4.521 Executing VM operation: RevokeBias done
Event: 4.521 Executing VM operation: RevokeBias
Event: 4.521 Executing VM operation: RevokeBias done
Event: 6.743 Thread 0x000000000c9ed800 Uncommon trap: trap_request=0x00000159 fr.pc=0x0000000002c03cf0
Event: 6.743 Thread 0x000000000c9ed800 DEOPT PACKING pc=0x0000000002c03cf0 sp=0x000000000d72f3c0
Event: 6.743 Thread 0x000000000c9ed800 DEOPT UNPACKING pc=0x0000000002b675a4 sp=0x000000000d72f3e0 mode 2


Dynamic libraries:
0x000007f6165d0000 - 0x000007f616603000 	A:\Java 7\bin\javaw.exe
0x000007fe1bd70000 - 0x000007fe1bf30000 	C:\Windows\SYSTEM32\ntdll.dll
0x000007fe1b8e0000 - 0x000007fe1ba16000 	C:\Windows\system32\KERNEL32.DLL
0x000007fe18fb0000 - 0x000007fe190a3000 	C:\Windows\system32\KERNELBASE.dll
0x000007fe19d50000 - 0x000007fe19e2e000 	C:\Windows\system32\ADVAPI32.dll
0x000007fe1b440000 - 0x000007fe1b58c000 	C:\Windows\system32\USER32.dll
0x000007fe17f80000 - 0x000007fe181ea000 	C:\Windows\WinSxS\amd64_microsoft.windows.common-controls_6595b64144ccf1df_6.0.9200.16579_none_418ab7ef718b27ef\COMCTL32.dll
0x000007fe193f0000 - 0x000007fe19495000 	C:\Windows\system32\msvcrt.dll
0x000007fe1b590000 - 0x000007fe1b5d8000 	C:\Windows\SYSTEM32\sechost.dll
0x000007fe1b770000 - 0x000007fe1b8b5000 	C:\Windows\system32\RPCRT4.dll
0x000007fe197f0000 - 0x000007fe19931000 	C:\Windows\system32\GDI32.dll
0x000007fe19f60000 - 0x000007fe19f99000 	C:\Windows\system32\IMM32.DLL
0x000007fe194a0000 - 0x000007fe195b6000 	C:\Windows\system32\MSCTF.dll
0x000007fe18bd0000 - 0x000007fe18c10000 	C:\Windows\system32\nvinitx.dll
0x0000000075d70000 - 0x0000000075e42000 	A:\Java 7\bin\msvcr100.dll
0x00000000755a0000 - 0x0000000075d69000 	A:\Java 7\bin\server\jvm.dll
0x000007fe0f080000 - 0x000007fe0f089000 	C:\Windows\SYSTEM32\WSOCK32.dll
0x000007fe15360000 - 0x000007fe15380000 	C:\Windows\SYSTEM32\WINMM.dll
0x000007fe19ef0000 - 0x000007fe19ef7000 	C:\Windows\system32\PSAPI.DLL
0x000007fe19f00000 - 0x000007fe19f58000 	C:\Windows\system32\WS2_32.dll
0x000007fe15060000 - 0x000007fe15093000 	C:\Windows\SYSTEM32\WINMMBASE.dll
0x000007fe1b760000 - 0x000007fe1b769000 	C:\Windows\system32\NSI.dll
0x000007fe19110000 - 0x000007fe1915f000 	C:\Windows\SYSTEM32\cfgmgr32.dll
0x000007fe18f80000 - 0x000007fe18fa2000 	C:\Windows\system32\DEVOBJ.dll
0x0000000075590000 - 0x000000007559f000 	A:\Java 7\bin\verify.dll
0x0000000075560000 - 0x0000000075588000 	A:\Java 7\bin\java.dll
0x0000000075540000 - 0x0000000075555000 	A:\Java 7\bin\zip.dll
0x0000000065580000 - 0x0000000065612000 	C:\Users\Gibbo\AppData\Local\Temp\libgdxGibbo\5fadd636\gdx64.dll
0x0000000180000000 - 0x0000000180050000 	C:\Users\Gibbo\AppData\Local\Temp\libgdxGibbo\4c88a7c1\lwjgl64.dll
0x000007fe08f60000 - 0x000007fe0907f000 	C:\Windows\SYSTEM32\OPENGL32.dll
0x000007fe17170000 - 0x000007fe17179000 	C:\Windows\SYSTEM32\VERSION.dll
0x000007fe08f30000 - 0x000007fe08f5c000 	C:\Windows\SYSTEM32\GLU32.dll
0x000007fe0f380000 - 0x000007fe0f46a000 	C:\Windows\SYSTEM32\DDRAW.dll
0x000007fe12d60000 - 0x000007fe12d68000 	C:\Windows\SYSTEM32\DCIMAN32.dll
0x000000000cc50000 - 0x000000000ccb4000 	C:\Users\Gibbo\AppData\Local\Temp\libgdxGibbo\4c88a7c1\OpenAL64.dll
0x000007fe1a160000 - 0x000007fe1b440000 	C:\Windows\system32\SHELL32.dll
0x000007fe1b5e0000 - 0x000007fe1b75e000 	C:\Windows\system32\ole32.dll
0x000007fe19fa0000 - 0x000007fe1a150000 	C:\Windows\SYSTEM32\combase.dll
0x000007fe19ea0000 - 0x000007fe19ef0000 	C:\Windows\system32\SHLWAPI.dll
0x000007fe17e80000 - 0x000007fe17f15000 	C:\Windows\SYSTEM32\SHCORE.dll
0x000007fe18a20000 - 0x000007fe18a2a000 	C:\Windows\SYSTEM32\CRYPTBASE.dll
0x000007fe189c0000 - 0x000007fe18a1c000 	C:\Windows\SYSTEM32\bcryptPrimitives.dll
0x000007fe17190000 - 0x000007fe17276000 	C:\Windows\system32\uxtheme.dll
0x000007fe10aa0000 - 0x000007fe10b35000 	C:\Program Files\Common Files\microsoft shared\ink\tiptsf.dll
0x000007fe1ba20000 - 0x000007fe1bae3000 	C:\Windows\system32\OLEAUT32.dll
0x000007fe19cb0000 - 0x000007fe19d46000 	C:\Windows\SYSTEM32\clbcatq.dll
0x000007fe09420000 - 0x000007fe094ab000 	C:\Windows\SYSTEM32\dsound.dll
0x000007fe18b80000 - 0x000007fe18bc3000 	C:\Windows\SYSTEM32\POWRPROF.dll
0x000007fe15ad0000 - 0x000007fe15b32000 	C:\Windows\System32\MMDevApi.dll
0x000007fe09c50000 - 0x000007fe09cc2000 	C:\Windows\SYSTEM32\AUDIOSES.DLL
0x000007fe168f0000 - 0x000007fe16911000 	C:\Windows\SYSTEM32\dwmapi.dll
0x000000000d730000 - 0x000000000ddff000 	C:\Windows\SYSTEM32\ig75icd64.dll
0x000007fe135b0000 - 0x000007fe139e3000 	C:\Windows\SYSTEM32\igdusc64.dll
0x000007fe152e0000 - 0x000007fe15349000 	C:\Windows\SYSTEM32\oleacc.dll
0x000007fe156a0000 - 0x000007fe15731000 	C:\Windows\SYSTEM32\mscms.dll
0x000007fe17e00000 - 0x000007fe17e1f000 	C:\Windows\SYSTEM32\USERENV.dll
0x000007fe18c20000 - 0x000007fe18c35000 	C:\Windows\SYSTEM32\profapi.dll
0x000007fe0a400000 - 0x000007fe0a440000 	C:\Windows\SYSTEM32\icm32.dll
0x000007fe0c000000 - 0x000007fe0c163000 	C:\Windows\SYSTEM32\dbghelp.dll

VM Arguments:
jvm_args: -Dfile.encoding=Cp1252 
java_command: com.gibbo.fallingrocks.Main
Launcher Type: SUN_STANDARD

Environment Variables:
PATH=C:\Program Files (x86)\NVIDIA Corporation\PhysX\Common;C:\Windows\system32;C:\Windows;C:\Windows\System32\Wbem;C:\Windows\System32\WindowsPowerShell\v1.0\;C:\Program Files (x86)\Intel\OpenCL SDK\3.0\bin\x86;C:\Program Files (x86)\Intel\OpenCL SDK\3.0\bin\x64;C:\Program Files\Condusiv Technologies\ExpressCache\;C:\Program Files (x86)\scala\\bin;A:\Tortoise\
USERNAME=Gibbo
OS=Windows_NT
PROCESSOR_IDENTIFIER=Intel64 Family 6 Model 69 Stepping 1, GenuineIntel



---------------  S Y S T E M  ---------------

OS: Windows 8 , 64 bit Build 9200 

CPU:total 4 (2 cores per cpu, 2 threads per core) family 6 model 69 stepping 1, cmov, cx8, fxsr, mmx, sse, sse2, sse3, ssse3, sse4.1, sse4.2, popcnt, avx, avx2, aes, erms, ht, tsc, tscinvbit

Memory: 4k page, physical 8268960k(4374356k free), swap 16657568k(11321300k free)

vm_info: Java HotSpot(TM) 64-Bit Server VM (24.45-b08) for windows-amd64 JRE (1.7.0_45-b18), built on Oct  8 2013 05:47:22 by "java_re" with unknown MS VC++:1600

time: Wed Feb 05 15:25:08 2014
elapsed time: 9 seconds

